
 Running multipmemd version of pmemd Amber24
    Total processors =     4
    Number of groups =     4

0.6625806959501809 0.3788871002639612

 Running multipmemd version of pmemd Amber24
    Total processors =     4
    Number of groups =     4


CPPTRAJ: Trajectory Analysis. V6.24.0 (AmberTools)
    ___  ___  ___  ___
     | \/ | \/ | \/ | 
    _|_/\_|_/\_|_/\_|_

| Date/time: 02/14/25 12:16:11
| Available memory: 81.047 GB

INPUT: Reading input from 'rescale.cpp.000'
  [parm ../../common_files/4ake.prmtop]
	Reading '../../common_files/4ake.prmtop' as Amber Topology
	Radius Set: ArgH and AspGluO modified Bondi2 radii (mbondi3)
  [trajin meld.rst.000]
	Reading 'meld.rst.000' as Amber Restart
  [setvelocity scale factor 1.0082988974836116 ntc 2]
	RNG: Marsaglia
Random_Number: seed is <= 0, using wallclock time as seed ( 28831 )
    SETVELOCITY: Scaling velocities by X= 1.0083, Y= 1.0083, Z= 1.0083
	Constraints on bonds to H
	Time step= 0.002 ps, epsilon = 1e-07
  [trajout meld.rst.000 ncrestart]
	Writing 'meld.rst.000' as Amber NC Restart
---------- RUN BEGIN -------------------------------------------------

PARAMETER FILES (1 total):
 0: 4ake.prmtop, 3341 atoms, 214 res, box: None, 1 mol

INPUT TRAJECTORIES (1 total):
 0: 'meld.rst.000' is an AMBER restart file with velocity info, Parm 4ake.prmtop (reading 1 of 1)
  Coordinate processing will occur on 1 frames.

OUTPUT TRAJECTORIES (1 total):
  'meld.rst.000' (1 frames) is a NetCDF AMBER restart file

BEGIN TRAJECTORY PROCESSING:
.....................................................
ACTION SETUP FOR PARM '4ake.prmtop' (1 actions):
  0: [setvelocity scale factor 1.0082988974836116 ntc 2]
	Mask [*] corresponds to 3341 atoms.
	Constraints on 1685 bonds to hydrogen.
	# of degrees of freedom = 8338
.....................................................
ACTIVE OUTPUT TRAJECTORIES (1):
  meld.rst.000 (coordinates, velocities, time)
----- meld.rst.000 (1-1, 1) -----
Warning: Setting NetCDF variable compression requires compiling with HDF5 support.
Warning: Setting NetCDF variable compression requires compiling with HDF5 support.
Warning: Setting NetCDF frame chunk size requires compiling with HDF5 support.
Warning: Setting NetCDF variable compression requires compiling with HDF5 support.
Warning: Setting NetCDF frame chunk size requires compiling with HDF5 support.
100% Complete.

Read 1 frames and processed 1 frames.
TIME: Avg. throughput= 161.6292 frames / second.

ACTION OUTPUT:
TIME: Analyses took 0.0000 seconds.

RUN TIMING:
TIME:		Init               : 0.0000 s (  0.37%)
TIME:		Trajectory Process : 0.0062 s ( 98.93%)
TIME:		Action Post        : 0.0000 s (  0.02%)
TIME:		Analysis           : 0.0000 s (  0.00%)
TIME:		Data File Write    : 0.0000 s (  0.02%)
TIME:		Other              : 0.0000 s (  0.01%)
TIME:	Run Total 0.0063 s
---------- RUN END ---------------------------------------------------
TIME: Total execution time: 0.0215 seconds.
--------------------------------------------------------------------------------
To cite CPPTRAJ use:
Daniel R. Roe and Thomas E. Cheatham, III, "PTRAJ and CPPTRAJ: Software for
  Processing and Analysis of Molecular Dynamics Trajectory Data". J. Chem.
  Theory Comput., 2013, 9 (7), pp 3084-3095.


CPPTRAJ: Trajectory Analysis. V6.24.0 (AmberTools)
    ___  ___  ___  ___
     | \/ | \/ | \/ | 
    _|_/\_|_/\_|_/\_|_

| Date/time: 02/14/25 12:16:11
| Available memory: 81.045 GB

INPUT: Reading input from 'rescale.cpp.001'
  [parm ../../common_files/4ake.prmtop]
	Reading '../../common_files/4ake.prmtop' as Amber Topology
	Radius Set: ArgH and AspGluO modified Bondi2 radii (mbondi3)
  [trajin meld.rst.001]
	Reading 'meld.rst.001' as Amber Restart
  [setvelocity scale factor 0.9917694073609294 ntc 2]
	RNG: Marsaglia
Random_Number: seed is <= 0, using wallclock time as seed ( 23361 )
    SETVELOCITY: Scaling velocities by X= 0.991769, Y= 0.991769, Z= 0.991769
	Constraints on bonds to H
	Time step= 0.002 ps, epsilon = 1e-07
  [trajout meld.rst.001 ncrestart]
	Writing 'meld.rst.001' as Amber NC Restart
---------- RUN BEGIN -------------------------------------------------

PARAMETER FILES (1 total):
 0: 4ake.prmtop, 3341 atoms, 214 res, box: None, 1 mol

INPUT TRAJECTORIES (1 total):
 0: 'meld.rst.001' is an AMBER restart file with velocity info, Parm 4ake.prmtop (reading 1 of 1)
  Coordinate processing will occur on 1 frames.

OUTPUT TRAJECTORIES (1 total):
  'meld.rst.001' (1 frames) is a NetCDF AMBER restart file

BEGIN TRAJECTORY PROCESSING:
.....................................................
ACTION SETUP FOR PARM '4ake.prmtop' (1 actions):
  0: [setvelocity scale factor 0.9917694073609294 ntc 2]
	Mask [*] corresponds to 3341 atoms.
	Constraints on 1685 bonds to hydrogen.
	# of degrees of freedom = 8338
.....................................................
ACTIVE OUTPUT TRAJECTORIES (1):
  meld.rst.001 (coordinates, velocities, time)
----- meld.rst.001 (1-1, 1) -----
Warning: Setting NetCDF variable compression requires compiling with HDF5 support.
Warning: Setting NetCDF variable compression requires compiling with HDF5 support.
Warning: Setting NetCDF frame chunk size requires compiling with HDF5 support.
Warning: Setting NetCDF variable compression requires compiling with HDF5 support.
Warning: Setting NetCDF frame chunk size requires compiling with HDF5 support.
100% Complete.

Read 1 frames and processed 1 frames.
TIME: Avg. throughput= 189.7893 frames / second.

ACTION OUTPUT:
TIME: Analyses took 0.0000 seconds.

RUN TIMING:
TIME:		Init               : 0.0000 s (  0.21%)
TIME:		Trajectory Process : 0.0053 s ( 99.47%)
TIME:		Action Post        : 0.0000 s (  0.00%)
TIME:		Analysis           : 0.0000 s (  0.00%)
TIME:		Data File Write    : 0.0000 s (  0.00%)
TIME:		Other              : 0.0000 s (  0.00%)
TIME:	Run Total 0.0053 s
---------- RUN END ---------------------------------------------------
TIME: Total execution time: 0.0213 seconds.
--------------------------------------------------------------------------------
To cite CPPTRAJ use:
Daniel R. Roe and Thomas E. Cheatham, III, "PTRAJ and CPPTRAJ: Software for
  Processing and Analysis of Molecular Dynamics Trajectory Data". J. Chem.
  Theory Comput., 2013, 9 (7), pp 3084-3095.

0.3243288277175429 0.6187332779982112
0.9785816427748616 0.4905204052398532

 Running multipmemd version of pmemd Amber24
    Total processors =     4
    Number of groups =     4

0.9899380406198556 0.6627309257438779

 Running multipmemd version of pmemd Amber24
    Total processors =     4
    Number of groups =     4


CPPTRAJ: Trajectory Analysis. V6.24.0 (AmberTools)
    ___  ___  ___  ___
     | \/ | \/ | \/ | 
    _|_/\_|_/\_|_/\_|_

| Date/time: 02/14/25 12:17:10
| Available memory: 81.041 GB

INPUT: Reading input from 'rescale.cpp.002'
  [parm ../../common_files/4ake.prmtop]
	Reading '../../common_files/4ake.prmtop' as Amber Topology
	Radius Set: ArgH and AspGluO modified Bondi2 radii (mbondi3)
  [trajin meld.rst.002]
	Reading 'meld.rst.002' as Amber Restart
  [setvelocity scale factor 1.0080322575483707 ntc 2]
	RNG: Marsaglia
Random_Number: seed is <= 0, using wallclock time as seed ( 22863 )
    SETVELOCITY: Scaling velocities by X= 1.00803, Y= 1.00803, Z= 1.00803
	Constraints on bonds to H
	Time step= 0.002 ps, epsilon = 1e-07
  [trajout meld.rst.002 ncrestart]
	Writing 'meld.rst.002' as Amber NC Restart
---------- RUN BEGIN -------------------------------------------------

PARAMETER FILES (1 total):
 0: 4ake.prmtop, 3341 atoms, 214 res, box: None, 1 mol

INPUT TRAJECTORIES (1 total):
 0: 'meld.rst.002' is an AMBER restart file with velocity info, Parm 4ake.prmtop (reading 1 of 1)
  Coordinate processing will occur on 1 frames.

OUTPUT TRAJECTORIES (1 total):
  'meld.rst.002' (1 frames) is a NetCDF AMBER restart file

BEGIN TRAJECTORY PROCESSING:
.....................................................
ACTION SETUP FOR PARM '4ake.prmtop' (1 actions):
  0: [setvelocity scale factor 1.0080322575483707 ntc 2]
	Mask [*] corresponds to 3341 atoms.
	Constraints on 1685 bonds to hydrogen.
	# of degrees of freedom = 8338
.....................................................
ACTIVE OUTPUT TRAJECTORIES (1):
  meld.rst.002 (coordinates, velocities, time)
----- meld.rst.002 (1-1, 1) -----
Warning: Setting NetCDF variable compression requires compiling with HDF5 support.
Warning: Setting NetCDF variable compression requires compiling with HDF5 support.
Warning: Setting NetCDF frame chunk size requires compiling with HDF5 support.
Warning: Setting NetCDF variable compression requires compiling with HDF5 support.
Warning: Setting NetCDF frame chunk size requires compiling with HDF5 support.
100% Complete.

Read 1 frames and processed 1 frames.
TIME: Avg. throughput= 140.6668 frames / second.

ACTION OUTPUT:
TIME: Analyses took 0.0000 seconds.

RUN TIMING:
TIME:		Init               : 0.0000 s (  0.17%)
TIME:		Trajectory Process : 0.0071 s ( 99.34%)
TIME:		Action Post        : 0.0000 s (  0.01%)
TIME:		Analysis           : 0.0000 s (  0.00%)
TIME:		Data File Write    : 0.0000 s (  0.01%)
TIME:		Other              : 0.0000 s (  0.00%)
TIME:	Run Total 0.0072 s
---------- RUN END ---------------------------------------------------
TIME: Total execution time: 0.0228 seconds.
--------------------------------------------------------------------------------
To cite CPPTRAJ use:
Daniel R. Roe and Thomas E. Cheatham, III, "PTRAJ and CPPTRAJ: Software for
  Processing and Analysis of Molecular Dynamics Trajectory Data". J. Chem.
  Theory Comput., 2013, 9 (7), pp 3084-3095.


CPPTRAJ: Trajectory Analysis. V6.24.0 (AmberTools)
    ___  ___  ___  ___
     | \/ | \/ | \/ | 
    _|_/\_|_/\_|_/\_|_

| Date/time: 02/14/25 12:17:10
| Available memory: 81.040 GB

INPUT: Reading input from 'rescale.cpp.003'
  [parm ../../common_files/4ake.prmtop]
	Reading '../../common_files/4ake.prmtop' as Amber Topology
	Radius Set: ArgH and AspGluO modified Bondi2 radii (mbondi3)
  [trajin meld.rst.003]
	Reading 'meld.rst.003' as Amber Restart
  [setvelocity scale factor 0.9920317455237933 ntc 2]
	RNG: Marsaglia
Random_Number: seed is <= 0, using wallclock time as seed ( 21795 )
    SETVELOCITY: Scaling velocities by X= 0.992032, Y= 0.992032, Z= 0.992032
	Constraints on bonds to H
	Time step= 0.002 ps, epsilon = 1e-07
  [trajout meld.rst.003 ncrestart]
	Writing 'meld.rst.003' as Amber NC Restart
---------- RUN BEGIN -------------------------------------------------

PARAMETER FILES (1 total):
 0: 4ake.prmtop, 3341 atoms, 214 res, box: None, 1 mol

INPUT TRAJECTORIES (1 total):
 0: 'meld.rst.003' is an AMBER restart file with velocity info, Parm 4ake.prmtop (reading 1 of 1)
  Coordinate processing will occur on 1 frames.

OUTPUT TRAJECTORIES (1 total):
  'meld.rst.003' (1 frames) is a NetCDF AMBER restart file

BEGIN TRAJECTORY PROCESSING:
.....................................................
ACTION SETUP FOR PARM '4ake.prmtop' (1 actions):
  0: [setvelocity scale factor 0.9920317455237933 ntc 2]
	Mask [*] corresponds to 3341 atoms.
	Constraints on 1685 bonds to hydrogen.
	# of degrees of freedom = 8338
.....................................................
ACTIVE OUTPUT TRAJECTORIES (1):
  meld.rst.003 (coordinates, velocities, time)
----- meld.rst.003 (1-1, 1) -----
Warning: Setting NetCDF variable compression requires compiling with HDF5 support.
Warning: Setting NetCDF variable compression requires compiling with HDF5 support.
Warning: Setting NetCDF frame chunk size requires compiling with HDF5 support.
Warning: Setting NetCDF variable compression requires compiling with HDF5 support.
Warning: Setting NetCDF frame chunk size requires compiling with HDF5 support.
100% Complete.

Read 1 frames and processed 1 frames.
TIME: Avg. throughput= 162.8399 frames / second.

ACTION OUTPUT:
TIME: Analyses took 0.0000 seconds.

RUN TIMING:
TIME:		Init               : 0.0000 s (  0.18%)
TIME:		Trajectory Process : 0.0061 s ( 99.27%)
TIME:		Action Post        : 0.0000 s (  0.02%)
TIME:		Analysis           : 0.0000 s (  0.02%)
TIME:		Data File Write    : 0.0000 s (  0.02%)
TIME:		Other              : 0.0000 s (  0.01%)
TIME:	Run Total 0.0062 s
---------- RUN END ---------------------------------------------------
TIME: Total execution time: 0.0215 seconds.
--------------------------------------------------------------------------------
To cite CPPTRAJ use:
Daniel R. Roe and Thomas E. Cheatham, III, "PTRAJ and CPPTRAJ: Software for
  Processing and Analysis of Molecular Dynamics Trajectory Data". J. Chem.
  Theory Comput., 2013, 9 (7), pp 3084-3095.

0.9938203230845474 0.4869679026995544
0.5944404130299684 0.9777465375568267

 Running multipmemd version of pmemd Amber24
    Total processors =     4
    Number of groups =     4

0.8018841287700843 0.1921614757389987

 Running multipmemd version of pmemd Amber24
    Total processors =     4
    Number of groups =     4


CPPTRAJ: Trajectory Analysis. V6.24.0 (AmberTools)
    ___  ___  ___  ___
     | \/ | \/ | \/ | 
    _|_/\_|_/\_|_/\_|_

| Date/time: 02/14/25 12:18:09
| Available memory: 81.050 GB

INPUT: Reading input from 'rescale.cpp.000'
  [parm ../../common_files/4ake.prmtop]
	Reading '../../common_files/4ake.prmtop' as Amber Topology
	Radius Set: ArgH and AspGluO modified Bondi2 radii (mbondi3)
  [trajin meld.rst.000]
	Reading 'meld.rst.000' as Amber Restart
  [setvelocity scale factor 0.9917694073609294 ntc 2]
	RNG: Marsaglia
Random_Number: seed is <= 0, using wallclock time as seed ( 22660 )
    SETVELOCITY: Scaling velocities by X= 0.991769, Y= 0.991769, Z= 0.991769
	Constraints on bonds to H
	Time step= 0.002 ps, epsilon = 1e-07
  [trajout meld.rst.000 ncrestart]
	Writing 'meld.rst.000' as Amber NC Restart
---------- RUN BEGIN -------------------------------------------------

PARAMETER FILES (1 total):
 0: 4ake.prmtop, 3341 atoms, 214 res, box: None, 1 mol

INPUT TRAJECTORIES (1 total):
 0: 'meld.rst.000' is an AMBER restart file with velocity info, Parm 4ake.prmtop (reading 1 of 1)
  Coordinate processing will occur on 1 frames.

OUTPUT TRAJECTORIES (1 total):
  'meld.rst.000' (1 frames) is a NetCDF AMBER restart file

BEGIN TRAJECTORY PROCESSING:
.....................................................
ACTION SETUP FOR PARM '4ake.prmtop' (1 actions):
  0: [setvelocity scale factor 0.9917694073609294 ntc 2]
	Mask [*] corresponds to 3341 atoms.
	Constraints on 1685 bonds to hydrogen.
	# of degrees of freedom = 8338
.....................................................
ACTIVE OUTPUT TRAJECTORIES (1):
  meld.rst.000 (coordinates, velocities, time)
----- meld.rst.000 (1-1, 1) -----
Warning: Setting NetCDF variable compression requires compiling with HDF5 support.
Warning: Setting NetCDF variable compression requires compiling with HDF5 support.
Warning: Setting NetCDF frame chunk size requires compiling with HDF5 support.
Warning: Setting NetCDF variable compression requires compiling with HDF5 support.
Warning: Setting NetCDF frame chunk size requires compiling with HDF5 support.
100% Complete.

Read 1 frames and processed 1 frames.
TIME: Avg. throughput= 152.6951 frames / second.

ACTION OUTPUT:
TIME: Analyses took 0.0000 seconds.

RUN TIMING:
TIME:		Init               : 0.0000 s (  0.20%)
TIME:		Trajectory Process : 0.0065 s ( 99.30%)
TIME:		Action Post        : 0.0000 s (  0.02%)
TIME:		Analysis           : 0.0000 s (  0.00%)
TIME:		Data File Write    : 0.0000 s (  0.00%)
TIME:		Other              : 0.0000 s (  0.00%)
TIME:	Run Total 0.0066 s
---------- RUN END ---------------------------------------------------
TIME: Total execution time: 0.0218 seconds.
--------------------------------------------------------------------------------
To cite CPPTRAJ use:
Daniel R. Roe and Thomas E. Cheatham, III, "PTRAJ and CPPTRAJ: Software for
  Processing and Analysis of Molecular Dynamics Trajectory Data". J. Chem.
  Theory Comput., 2013, 9 (7), pp 3084-3095.


CPPTRAJ: Trajectory Analysis. V6.24.0 (AmberTools)
    ___  ___  ___  ___
     | \/ | \/ | \/ | 
    _|_/\_|_/\_|_/\_|_

| Date/time: 02/14/25 12:18:09
| Available memory: 81.049 GB

INPUT: Reading input from 'rescale.cpp.001'
  [parm ../../common_files/4ake.prmtop]
	Reading '../../common_files/4ake.prmtop' as Amber Topology
	Radius Set: ArgH and AspGluO modified Bondi2 radii (mbondi3)
  [trajin meld.rst.001]
	Reading 'meld.rst.001' as Amber Restart
  [setvelocity scale factor 1.0082988974836116 ntc 2]
	RNG: Marsaglia
Random_Number: seed is <= 0, using wallclock time as seed ( 22861 )
    SETVELOCITY: Scaling velocities by X= 1.0083, Y= 1.0083, Z= 1.0083
	Constraints on bonds to H
	Time step= 0.002 ps, epsilon = 1e-07
  [trajout meld.rst.001 ncrestart]
	Writing 'meld.rst.001' as Amber NC Restart
---------- RUN BEGIN -------------------------------------------------

PARAMETER FILES (1 total):
 0: 4ake.prmtop, 3341 atoms, 214 res, box: None, 1 mol

INPUT TRAJECTORIES (1 total):
 0: 'meld.rst.001' is an AMBER restart file with velocity info, Parm 4ake.prmtop (reading 1 of 1)
  Coordinate processing will occur on 1 frames.

OUTPUT TRAJECTORIES (1 total):
  'meld.rst.001' (1 frames) is a NetCDF AMBER restart file

BEGIN TRAJECTORY PROCESSING:
.....................................................
ACTION SETUP FOR PARM '4ake.prmtop' (1 actions):
  0: [setvelocity scale factor 1.0082988974836116 ntc 2]
	Mask [*] corresponds to 3341 atoms.
	Constraints on 1685 bonds to hydrogen.
	# of degrees of freedom = 8338
.....................................................
ACTIVE OUTPUT TRAJECTORIES (1):
  meld.rst.001 (coordinates, velocities, time)
----- meld.rst.001 (1-1, 1) -----
Warning: Setting NetCDF variable compression requires compiling with HDF5 support.
Warning: Setting NetCDF variable compression requires compiling with HDF5 support.
Warning: Setting NetCDF frame chunk size requires compiling with HDF5 support.
Warning: Setting NetCDF variable compression requires compiling with HDF5 support.
Warning: Setting NetCDF frame chunk size requires compiling with HDF5 support.
100% Complete.

Read 1 frames and processed 1 frames.
TIME: Avg. throughput= 159.8210 frames / second.

ACTION OUTPUT:
TIME: Analyses took 0.0000 seconds.

RUN TIMING:
TIME:		Init               : 0.0000 s (  0.17%)
TIME:		Trajectory Process : 0.0063 s ( 99.35%)
TIME:		Action Post        : 0.0000 s (  0.02%)
TIME:		Analysis           : 0.0000 s (  0.00%)
TIME:		Data File Write    : 0.0000 s (  0.00%)
TIME:		Other              : 0.0000 s (  0.00%)
TIME:	Run Total 0.0063 s
---------- RUN END ---------------------------------------------------
TIME: Total execution time: 0.0221 seconds.
--------------------------------------------------------------------------------
To cite CPPTRAJ use:
Daniel R. Roe and Thomas E. Cheatham, III, "PTRAJ and CPPTRAJ: Software for
  Processing and Analysis of Molecular Dynamics Trajectory Data". J. Chem.
  Theory Comput., 2013, 9 (7), pp 3084-3095.


CPPTRAJ: Trajectory Analysis. V6.24.0 (AmberTools)
    ___  ___  ___  ___
     | \/ | \/ | \/ | 
    _|_/\_|_/\_|_/\_|_

| Date/time: 02/14/25 12:18:10
| Available memory: 81.047 GB

INPUT: Reading input from 'rescale.cpp.002'
  [parm ../../common_files/4ake.prmtop]
	Reading '../../common_files/4ake.prmtop' as Amber Topology
	Radius Set: ArgH and AspGluO modified Bondi2 radii (mbondi3)
  [trajin meld.rst.002]
	Reading 'meld.rst.002' as Amber Restart
  [setvelocity scale factor 0.9920317455237933 ntc 2]
	RNG: Marsaglia
Random_Number: seed is <= 0, using wallclock time as seed ( 21850 )
    SETVELOCITY: Scaling velocities by X= 0.992032, Y= 0.992032, Z= 0.992032
	Constraints on bonds to H
	Time step= 0.002 ps, epsilon = 1e-07
  [trajout meld.rst.002 ncrestart]
	Writing 'meld.rst.002' as Amber NC Restart
---------- RUN BEGIN -------------------------------------------------

PARAMETER FILES (1 total):
 0: 4ake.prmtop, 3341 atoms, 214 res, box: None, 1 mol

INPUT TRAJECTORIES (1 total):
 0: 'meld.rst.002' is an AMBER restart file with velocity info, Parm 4ake.prmtop (reading 1 of 1)
  Coordinate processing will occur on 1 frames.

OUTPUT TRAJECTORIES (1 total):
  'meld.rst.002' (1 frames) is a NetCDF AMBER restart file

BEGIN TRAJECTORY PROCESSING:
.....................................................
ACTION SETUP FOR PARM '4ake.prmtop' (1 actions):
  0: [setvelocity scale factor 0.9920317455237933 ntc 2]
	Mask [*] corresponds to 3341 atoms.
	Constraints on 1685 bonds to hydrogen.
	# of degrees of freedom = 8338
.....................................................
ACTIVE OUTPUT TRAJECTORIES (1):
  meld.rst.002 (coordinates, velocities, time)
----- meld.rst.002 (1-1, 1) -----
Warning: Setting NetCDF variable compression requires compiling with HDF5 support.
Warning: Setting NetCDF variable compression requires compiling with HDF5 support.
Warning: Setting NetCDF frame chunk size requires compiling with HDF5 support.
Warning: Setting NetCDF variable compression requires compiling with HDF5 support.
Warning: Setting NetCDF frame chunk size requires compiling with HDF5 support.
100% Complete.

Read 1 frames and processed 1 frames.
TIME: Avg. throughput= 162.2060 frames / second.

ACTION OUTPUT:
TIME: Analyses took 0.0000 seconds.

RUN TIMING:
TIME:		Init               : 0.0000 s (  0.19%)
TIME:		Trajectory Process : 0.0062 s ( 99.29%)
TIME:		Action Post        : 0.0000 s (  0.02%)
TIME:		Analysis           : 0.0000 s (  0.00%)
TIME:		Data File Write    : 0.0000 s (  0.02%)
TIME:		Other              : 0.0000 s (  0.00%)
TIME:	Run Total 0.0062 s
---------- RUN END ---------------------------------------------------
TIME: Total execution time: 0.0217 seconds.
--------------------------------------------------------------------------------
To cite CPPTRAJ use:
Daniel R. Roe and Thomas E. Cheatham, III, "PTRAJ and CPPTRAJ: Software for
  Processing and Analysis of Molecular Dynamics Trajectory Data". J. Chem.
  Theory Comput., 2013, 9 (7), pp 3084-3095.


CPPTRAJ: Trajectory Analysis. V6.24.0 (AmberTools)
    ___  ___  ___  ___
     | \/ | \/ | \/ | 
    _|_/\_|_/\_|_/\_|_

| Date/time: 02/14/25 12:18:10
| Available memory: 81.047 GB

INPUT: Reading input from 'rescale.cpp.003'
  [parm ../../common_files/4ake.prmtop]
	Reading '../../common_files/4ake.prmtop' as Amber Topology
	Radius Set: ArgH and AspGluO modified Bondi2 radii (mbondi3)
  [trajin meld.rst.003]
	Reading 'meld.rst.003' as Amber Restart
  [setvelocity scale factor 1.0080322575483707 ntc 2]
	RNG: Marsaglia
Random_Number: seed is <= 0, using wallclock time as seed ( 21752 )
    SETVELOCITY: Scaling velocities by X= 1.00803, Y= 1.00803, Z= 1.00803
	Constraints on bonds to H
	Time step= 0.002 ps, epsilon = 1e-07
  [trajout meld.rst.003 ncrestart]
	Writing 'meld.rst.003' as Amber NC Restart
---------- RUN BEGIN -------------------------------------------------

PARAMETER FILES (1 total):
 0: 4ake.prmtop, 3341 atoms, 214 res, box: None, 1 mol

INPUT TRAJECTORIES (1 total):
 0: 'meld.rst.003' is an AMBER restart file with velocity info, Parm 4ake.prmtop (reading 1 of 1)
  Coordinate processing will occur on 1 frames.

OUTPUT TRAJECTORIES (1 total):
  'meld.rst.003' (1 frames) is a NetCDF AMBER restart file

BEGIN TRAJECTORY PROCESSING:
.....................................................
ACTION SETUP FOR PARM '4ake.prmtop' (1 actions):
  0: [setvelocity scale factor 1.0080322575483707 ntc 2]
	Mask [*] corresponds to 3341 atoms.
	Constraints on 1685 bonds to hydrogen.
	# of degrees of freedom = 8338
.....................................................
ACTIVE OUTPUT TRAJECTORIES (1):
  meld.rst.003 (coordinates, velocities, time)
----- meld.rst.003 (1-1, 1) -----
Warning: Setting NetCDF variable compression requires compiling with HDF5 support.
Warning: Setting NetCDF variable compression requires compiling with HDF5 support.
Warning: Setting NetCDF frame chunk size requires compiling with HDF5 support.
Warning: Setting NetCDF variable compression requires compiling with HDF5 support.
Warning: Setting NetCDF frame chunk size requires compiling with HDF5 support.
100% Complete.

Read 1 frames and processed 1 frames.
TIME: Avg. throughput= 183.6885 frames / second.

ACTION OUTPUT:
TIME: Analyses took 0.0000 seconds.

RUN TIMING:
TIME:		Init               : 0.0000 s (  0.20%)
TIME:		Trajectory Process : 0.0054 s ( 99.47%)
TIME:		Action Post        : 0.0000 s (  0.00%)
TIME:		Analysis           : 0.0000 s (  0.00%)
TIME:		Data File Write    : 0.0000 s (  0.02%)
TIME:		Other              : 0.0000 s (  0.00%)
TIME:	Run Total 0.0055 s
---------- RUN END ---------------------------------------------------
TIME: Total execution time: 0.0202 seconds.
--------------------------------------------------------------------------------
To cite CPPTRAJ use:
Daniel R. Roe and Thomas E. Cheatham, III, "PTRAJ and CPPTRAJ: Software for
  Processing and Analysis of Molecular Dynamics Trajectory Data". J. Chem.
  Theory Comput., 2013, 9 (7), pp 3084-3095.

0.49334099808192466 1.0991790662937444
0.04066257774467252 0.9340844887493889

 Running multipmemd version of pmemd Amber24
    Total processors =     4
    Number of groups =     4

0.6264596507175129 0.44603126408299826

 Running multipmemd version of pmemd Amber24
    Total processors =     4
    Number of groups =     4


CPPTRAJ: Trajectory Analysis. V6.24.0 (AmberTools)
    ___  ___  ___  ___
     | \/ | \/ | \/ | 
    _|_/\_|_/\_|_/\_|_

| Date/time: 02/14/25 12:19:09
| Available memory: 81.037 GB

INPUT: Reading input from 'rescale.cpp.000'
  [parm ../../common_files/4ake.prmtop]
	Reading '../../common_files/4ake.prmtop' as Amber Topology
	Radius Set: ArgH and AspGluO modified Bondi2 radii (mbondi3)
  [trajin meld.rst.000]
	Reading 'meld.rst.000' as Amber Restart
  [setvelocity scale factor 1.0082988974836116 ntc 2]
	RNG: Marsaglia
Random_Number: seed is <= 0, using wallclock time as seed ( 22777 )
    SETVELOCITY: Scaling velocities by X= 1.0083, Y= 1.0083, Z= 1.0083
	Constraints on bonds to H
	Time step= 0.002 ps, epsilon = 1e-07
  [trajout meld.rst.000 ncrestart]
	Writing 'meld.rst.000' as Amber NC Restart
---------- RUN BEGIN -------------------------------------------------

PARAMETER FILES (1 total):
 0: 4ake.prmtop, 3341 atoms, 214 res, box: None, 1 mol

INPUT TRAJECTORIES (1 total):
 0: 'meld.rst.000' is an AMBER restart file with velocity info, Parm 4ake.prmtop (reading 1 of 1)
  Coordinate processing will occur on 1 frames.

OUTPUT TRAJECTORIES (1 total):
  'meld.rst.000' (1 frames) is a NetCDF AMBER restart file

BEGIN TRAJECTORY PROCESSING:
.....................................................
ACTION SETUP FOR PARM '4ake.prmtop' (1 actions):
  0: [setvelocity scale factor 1.0082988974836116 ntc 2]
	Mask [*] corresponds to 3341 atoms.
	Constraints on 1685 bonds to hydrogen.
	# of degrees of freedom = 8338
.....................................................
ACTIVE OUTPUT TRAJECTORIES (1):
  meld.rst.000 (coordinates, velocities, time)
----- meld.rst.000 (1-1, 1) -----
Warning: Setting NetCDF variable compression requires compiling with HDF5 support.
Warning: Setting NetCDF variable compression requires compiling with HDF5 support.
Warning: Setting NetCDF frame chunk size requires compiling with HDF5 support.
Warning: Setting NetCDF variable compression requires compiling with HDF5 support.
Warning: Setting NetCDF frame chunk size requires compiling with HDF5 support.
100% Complete.

Read 1 frames and processed 1 frames.
TIME: Avg. throughput= 148.1701 frames / second.

ACTION OUTPUT:
TIME: Analyses took 0.0000 seconds.

RUN TIMING:
TIME:		Init               : 0.0000 s (  0.19%)
TIME:		Trajectory Process : 0.0067 s ( 99.31%)
TIME:		Action Post        : 0.0000 s (  0.01%)
TIME:		Analysis           : 0.0000 s (  0.01%)
TIME:		Data File Write    : 0.0000 s (  0.00%)
TIME:		Other              : 0.0000 s (  0.00%)
TIME:	Run Total 0.0068 s
---------- RUN END ---------------------------------------------------
TIME: Total execution time: 0.0229 seconds.
--------------------------------------------------------------------------------
To cite CPPTRAJ use:
Daniel R. Roe and Thomas E. Cheatham, III, "PTRAJ and CPPTRAJ: Software for
  Processing and Analysis of Molecular Dynamics Trajectory Data". J. Chem.
  Theory Comput., 2013, 9 (7), pp 3084-3095.


CPPTRAJ: Trajectory Analysis. V6.24.0 (AmberTools)
    ___  ___  ___  ___
     | \/ | \/ | \/ | 
    _|_/\_|_/\_|_/\_|_

| Date/time: 02/14/25 12:19:09
| Available memory: 81.035 GB

INPUT: Reading input from 'rescale.cpp.001'
  [parm ../../common_files/4ake.prmtop]
	Reading '../../common_files/4ake.prmtop' as Amber Topology
	Radius Set: ArgH and AspGluO modified Bondi2 radii (mbondi3)
  [trajin meld.rst.001]
	Reading 'meld.rst.001' as Amber Restart
  [setvelocity scale factor 0.9917694073609294 ntc 2]
	RNG: Marsaglia
Random_Number: seed is <= 0, using wallclock time as seed ( 22768 )
    SETVELOCITY: Scaling velocities by X= 0.991769, Y= 0.991769, Z= 0.991769
	Constraints on bonds to H
	Time step= 0.002 ps, epsilon = 1e-07
  [trajout meld.rst.001 ncrestart]
	Writing 'meld.rst.001' as Amber NC Restart
---------- RUN BEGIN -------------------------------------------------

PARAMETER FILES (1 total):
 0: 4ake.prmtop, 3341 atoms, 214 res, box: None, 1 mol

INPUT TRAJECTORIES (1 total):
 0: 'meld.rst.001' is an AMBER restart file with velocity info, Parm 4ake.prmtop (reading 1 of 1)
  Coordinate processing will occur on 1 frames.

OUTPUT TRAJECTORIES (1 total):
  'meld.rst.001' (1 frames) is a NetCDF AMBER restart file

BEGIN TRAJECTORY PROCESSING:
.....................................................
ACTION SETUP FOR PARM '4ake.prmtop' (1 actions):
  0: [setvelocity scale factor 0.9917694073609294 ntc 2]
	Mask [*] corresponds to 3341 atoms.
	Constraints on 1685 bonds to hydrogen.
	# of degrees of freedom = 8338
.....................................................
ACTIVE OUTPUT TRAJECTORIES (1):
  meld.rst.001 (coordinates, velocities, time)
----- meld.rst.001 (1-1, 1) -----
Warning: Setting NetCDF variable compression requires compiling with HDF5 support.
Warning: Setting NetCDF variable compression requires compiling with HDF5 support.
Warning: Setting NetCDF frame chunk size requires compiling with HDF5 support.
Warning: Setting NetCDF variable compression requires compiling with HDF5 support.
Warning: Setting NetCDF frame chunk size requires compiling with HDF5 support.
100% Complete.

Read 1 frames and processed 1 frames.
TIME: Avg. throughput= 162.2586 frames / second.

ACTION OUTPUT:
TIME: Analyses took 0.0000 seconds.

RUN TIMING:
TIME:		Init               : 0.0000 s (  0.18%)
TIME:		Trajectory Process : 0.0062 s ( 99.29%)
TIME:		Action Post        : 0.0000 s (  0.00%)
TIME:		Analysis           : 0.0000 s (  0.00%)
TIME:		Data File Write    : 0.0000 s (  0.00%)
TIME:		Other              : 0.0000 s (  0.01%)
TIME:	Run Total 0.0062 s
---------- RUN END ---------------------------------------------------
TIME: Total execution time: 0.0222 seconds.
--------------------------------------------------------------------------------
To cite CPPTRAJ use:
Daniel R. Roe and Thomas E. Cheatham, III, "PTRAJ and CPPTRAJ: Software for
  Processing and Analysis of Molecular Dynamics Trajectory Data". J. Chem.
  Theory Comput., 2013, 9 (7), pp 3084-3095.


CPPTRAJ: Trajectory Analysis. V6.24.0 (AmberTools)
    ___  ___  ___  ___
     | \/ | \/ | \/ | 
    _|_/\_|_/\_|_/\_|_

| Date/time: 02/14/25 12:19:09
| Available memory: 81.035 GB

INPUT: Reading input from 'rescale.cpp.002'
  [parm ../../common_files/4ake.prmtop]
	Reading '../../common_files/4ake.prmtop' as Amber Topology
	Radius Set: ArgH and AspGluO modified Bondi2 radii (mbondi3)
  [trajin meld.rst.002]
	Reading 'meld.rst.002' as Amber Restart
  [setvelocity scale factor 1.0080322575483707 ntc 2]
	RNG: Marsaglia
Random_Number: seed is <= 0, using wallclock time as seed ( 21519 )
    SETVELOCITY: Scaling velocities by X= 1.00803, Y= 1.00803, Z= 1.00803
	Constraints on bonds to H
	Time step= 0.002 ps, epsilon = 1e-07
  [trajout meld.rst.002 ncrestart]
	Writing 'meld.rst.002' as Amber NC Restart
---------- RUN BEGIN -------------------------------------------------

PARAMETER FILES (1 total):
 0: 4ake.prmtop, 3341 atoms, 214 res, box: None, 1 mol

INPUT TRAJECTORIES (1 total):
 0: 'meld.rst.002' is an AMBER restart file with velocity info, Parm 4ake.prmtop (reading 1 of 1)
  Coordinate processing will occur on 1 frames.

OUTPUT TRAJECTORIES (1 total):
  'meld.rst.002' (1 frames) is a NetCDF AMBER restart file

BEGIN TRAJECTORY PROCESSING:
.....................................................
ACTION SETUP FOR PARM '4ake.prmtop' (1 actions):
  0: [setvelocity scale factor 1.0080322575483707 ntc 2]
	Mask [*] corresponds to 3341 atoms.
	Constraints on 1685 bonds to hydrogen.
	# of degrees of freedom = 8338
.....................................................
ACTIVE OUTPUT TRAJECTORIES (1):
  meld.rst.002 (coordinates, velocities, time)
----- meld.rst.002 (1-1, 1) -----
Warning: Setting NetCDF variable compression requires compiling with HDF5 support.
Warning: Setting NetCDF variable compression requires compiling with HDF5 support.
Warning: Setting NetCDF frame chunk size requires compiling with HDF5 support.
Warning: Setting NetCDF variable compression requires compiling with HDF5 support.
Warning: Setting NetCDF frame chunk size requires compiling with HDF5 support.
100% Complete.

Read 1 frames and processed 1 frames.
TIME: Avg. throughput= 153.0925 frames / second.

ACTION OUTPUT:
TIME: Analyses took 0.0000 seconds.

RUN TIMING:
TIME:		Init               : 0.0000 s (  0.17%)
TIME:		Trajectory Process : 0.0065 s ( 99.35%)
TIME:		Action Post        : 0.0000 s (  0.02%)
TIME:		Analysis           : 0.0000 s (  0.00%)
TIME:		Data File Write    : 0.0000 s (  0.02%)
TIME:		Other              : 0.0000 s (  0.00%)
TIME:	Run Total 0.0066 s
---------- RUN END ---------------------------------------------------
TIME: Total execution time: 0.0216 seconds.
--------------------------------------------------------------------------------
To cite CPPTRAJ use:
Daniel R. Roe and Thomas E. Cheatham, III, "PTRAJ and CPPTRAJ: Software for
  Processing and Analysis of Molecular Dynamics Trajectory Data". J. Chem.
  Theory Comput., 2013, 9 (7), pp 3084-3095.


CPPTRAJ: Trajectory Analysis. V6.24.0 (AmberTools)
    ___  ___  ___  ___
     | \/ | \/ | \/ | 
    _|_/\_|_/\_|_/\_|_

| Date/time: 02/14/25 12:19:09
| Available memory: 81.034 GB

INPUT: Reading input from 'rescale.cpp.003'
  [parm ../../common_files/4ake.prmtop]
	Reading '../../common_files/4ake.prmtop' as Amber Topology
	Radius Set: ArgH and AspGluO modified Bondi2 radii (mbondi3)
  [trajin meld.rst.003]
	Reading 'meld.rst.003' as Amber Restart
  [setvelocity scale factor 0.9920317455237933 ntc 2]
	RNG: Marsaglia
Random_Number: seed is <= 0, using wallclock time as seed ( 21252 )
    SETVELOCITY: Scaling velocities by X= 0.992032, Y= 0.992032, Z= 0.992032
	Constraints on bonds to H
	Time step= 0.002 ps, epsilon = 1e-07
  [trajout meld.rst.003 ncrestart]
	Writing 'meld.rst.003' as Amber NC Restart
---------- RUN BEGIN -------------------------------------------------

PARAMETER FILES (1 total):
 0: 4ake.prmtop, 3341 atoms, 214 res, box: None, 1 mol

INPUT TRAJECTORIES (1 total):
 0: 'meld.rst.003' is an AMBER restart file with velocity info, Parm 4ake.prmtop (reading 1 of 1)
  Coordinate processing will occur on 1 frames.

OUTPUT TRAJECTORIES (1 total):
  'meld.rst.003' (1 frames) is a NetCDF AMBER restart file

BEGIN TRAJECTORY PROCESSING:
.....................................................
ACTION SETUP FOR PARM '4ake.prmtop' (1 actions):
  0: [setvelocity scale factor 0.9920317455237933 ntc 2]
	Mask [*] corresponds to 3341 atoms.
	Constraints on 1685 bonds to hydrogen.
	# of degrees of freedom = 8338
.....................................................
ACTIVE OUTPUT TRAJECTORIES (1):
  meld.rst.003 (coordinates, velocities, time)
----- meld.rst.003 (1-1, 1) -----
Warning: Setting NetCDF variable compression requires compiling with HDF5 support.
Warning: Setting NetCDF variable compression requires compiling with HDF5 support.
Warning: Setting NetCDF frame chunk size requires compiling with HDF5 support.
Warning: Setting NetCDF variable compression requires compiling with HDF5 support.
Warning: Setting NetCDF frame chunk size requires compiling with HDF5 support.
100% Complete.

Read 1 frames and processed 1 frames.
TIME: Avg. throughput= 153.5862 frames / second.

ACTION OUTPUT:
TIME: Analyses took 0.0000 seconds.

RUN TIMING:
TIME:		Init               : 0.0000 s (  0.17%)
TIME:		Trajectory Process : 0.0065 s ( 99.36%)
TIME:		Action Post        : 0.0000 s (  0.02%)
TIME:		Analysis           : 0.0000 s (  0.00%)
TIME:		Data File Write    : 0.0000 s (  0.02%)
TIME:		Other              : 0.0000 s (  0.00%)
TIME:	Run Total 0.0066 s
---------- RUN END ---------------------------------------------------
TIME: Total execution time: 0.0210 seconds.
--------------------------------------------------------------------------------
To cite CPPTRAJ use:
Daniel R. Roe and Thomas E. Cheatham, III, "PTRAJ and CPPTRAJ: Software for
  Processing and Analysis of Molecular Dynamics Trajectory Data". J. Chem.
  Theory Comput., 2013, 9 (7), pp 3084-3095.

0.13229537437789507 1.6097580078935623
0.017509362907456527 2.703626921977686

 Running multipmemd version of pmemd Amber24
    Total processors =     4
    Number of groups =     4

0.9373013466554778 0.6647734795094284

 Running multipmemd version of pmemd Amber24
    Total processors =     4
    Number of groups =     4


CPPTRAJ: Trajectory Analysis. V6.24.0 (AmberTools)
    ___  ___  ___  ___
     | \/ | \/ | \/ | 
    _|_/\_|_/\_|_/\_|_

| Date/time: 02/14/25 12:20:09
| Available memory: 81.046 GB

INPUT: Reading input from 'rescale.cpp.000'
  [parm ../../common_files/4ake.prmtop]
	Reading '../../common_files/4ake.prmtop' as Amber Topology
	Radius Set: ArgH and AspGluO modified Bondi2 radii (mbondi3)
  [trajin meld.rst.000]
	Reading 'meld.rst.000' as Amber Restart
  [setvelocity scale factor 0.9917694073609294 ntc 2]
	RNG: Marsaglia
Random_Number: seed is <= 0, using wallclock time as seed ( 23552 )
    SETVELOCITY: Scaling velocities by X= 0.991769, Y= 0.991769, Z= 0.991769
	Constraints on bonds to H
	Time step= 0.002 ps, epsilon = 1e-07
  [trajout meld.rst.000 ncrestart]
	Writing 'meld.rst.000' as Amber NC Restart
---------- RUN BEGIN -------------------------------------------------

PARAMETER FILES (1 total):
 0: 4ake.prmtop, 3341 atoms, 214 res, box: None, 1 mol

INPUT TRAJECTORIES (1 total):
 0: 'meld.rst.000' is an AMBER restart file with velocity info, Parm 4ake.prmtop (reading 1 of 1)
  Coordinate processing will occur on 1 frames.

OUTPUT TRAJECTORIES (1 total):
  'meld.rst.000' (1 frames) is a NetCDF AMBER restart file

BEGIN TRAJECTORY PROCESSING:
.....................................................
ACTION SETUP FOR PARM '4ake.prmtop' (1 actions):
  0: [setvelocity scale factor 0.9917694073609294 ntc 2]
	Mask [*] corresponds to 3341 atoms.
	Constraints on 1685 bonds to hydrogen.
	# of degrees of freedom = 8338
.....................................................
ACTIVE OUTPUT TRAJECTORIES (1):
  meld.rst.000 (coordinates, velocities, time)
----- meld.rst.000 (1-1, 1) -----
Warning: Setting NetCDF variable compression requires compiling with HDF5 support.
Warning: Setting NetCDF variable compression requires compiling with HDF5 support.
Warning: Setting NetCDF frame chunk size requires compiling with HDF5 support.
Warning: Setting NetCDF variable compression requires compiling with HDF5 support.
Warning: Setting NetCDF frame chunk size requires compiling with HDF5 support.
100% Complete.

Read 1 frames and processed 1 frames.
TIME: Avg. throughput= 200.7629 frames / second.

ACTION OUTPUT:
TIME: Analyses took 0.0000 seconds.

RUN TIMING:
TIME:		Init               : 0.0000 s (  0.26%)
TIME:		Trajectory Process : 0.0050 s ( 99.40%)
TIME:		Action Post        : 0.0000 s (  0.00%)
TIME:		Analysis           : 0.0000 s (  0.00%)
TIME:		Data File Write    : 0.0000 s (  0.00%)
TIME:		Other              : 0.0000 s (  0.00%)
TIME:	Run Total 0.0050 s
---------- RUN END ---------------------------------------------------
TIME: Total execution time: 0.0207 seconds.
--------------------------------------------------------------------------------
To cite CPPTRAJ use:
Daniel R. Roe and Thomas E. Cheatham, III, "PTRAJ and CPPTRAJ: Software for
  Processing and Analysis of Molecular Dynamics Trajectory Data". J. Chem.
  Theory Comput., 2013, 9 (7), pp 3084-3095.


CPPTRAJ: Trajectory Analysis. V6.24.0 (AmberTools)
    ___  ___  ___  ___
     | \/ | \/ | \/ | 
    _|_/\_|_/\_|_/\_|_

| Date/time: 02/14/25 12:20:09
| Available memory: 81.045 GB

INPUT: Reading input from 'rescale.cpp.001'
  [parm ../../common_files/4ake.prmtop]
	Reading '../../common_files/4ake.prmtop' as Amber Topology
	Radius Set: ArgH and AspGluO modified Bondi2 radii (mbondi3)
  [trajin meld.rst.001]
	Reading 'meld.rst.001' as Amber Restart
  [setvelocity scale factor 1.0082988974836116 ntc 2]
	RNG: Marsaglia
Random_Number: seed is <= 0, using wallclock time as seed ( 21729 )
    SETVELOCITY: Scaling velocities by X= 1.0083, Y= 1.0083, Z= 1.0083
	Constraints on bonds to H
	Time step= 0.002 ps, epsilon = 1e-07
  [trajout meld.rst.001 ncrestart]
	Writing 'meld.rst.001' as Amber NC Restart
---------- RUN BEGIN -------------------------------------------------

PARAMETER FILES (1 total):
 0: 4ake.prmtop, 3341 atoms, 214 res, box: None, 1 mol

INPUT TRAJECTORIES (1 total):
 0: 'meld.rst.001' is an AMBER restart file with velocity info, Parm 4ake.prmtop (reading 1 of 1)
  Coordinate processing will occur on 1 frames.

OUTPUT TRAJECTORIES (1 total):
  'meld.rst.001' (1 frames) is a NetCDF AMBER restart file

BEGIN TRAJECTORY PROCESSING:
.....................................................
ACTION SETUP FOR PARM '4ake.prmtop' (1 actions):
  0: [setvelocity scale factor 1.0082988974836116 ntc 2]
	Mask [*] corresponds to 3341 atoms.
	Constraints on 1685 bonds to hydrogen.
	# of degrees of freedom = 8338
.....................................................
ACTIVE OUTPUT TRAJECTORIES (1):
  meld.rst.001 (coordinates, velocities, time)
----- meld.rst.001 (1-1, 1) -----
Warning: Setting NetCDF variable compression requires compiling with HDF5 support.
Warning: Setting NetCDF variable compression requires compiling with HDF5 support.
Warning: Setting NetCDF frame chunk size requires compiling with HDF5 support.
Warning: Setting NetCDF variable compression requires compiling with HDF5 support.
Warning: Setting NetCDF frame chunk size requires compiling with HDF5 support.
100% Complete.

Read 1 frames and processed 1 frames.
TIME: Avg. throughput= 166.6944 frames / second.

ACTION OUTPUT:
TIME: Analyses took 0.0000 seconds.

RUN TIMING:
TIME:		Init               : 0.0000 s (  0.20%)
TIME:		Trajectory Process : 0.0060 s ( 99.27%)
TIME:		Action Post        : 0.0000 s (  0.00%)
TIME:		Analysis           : 0.0000 s (  0.00%)
TIME:		Data File Write    : 0.0000 s (  0.00%)
TIME:		Other              : 0.0000 s (  0.01%)
TIME:	Run Total 0.0060 s
---------- RUN END ---------------------------------------------------
TIME: Total execution time: 0.0214 seconds.
--------------------------------------------------------------------------------
To cite CPPTRAJ use:
Daniel R. Roe and Thomas E. Cheatham, III, "PTRAJ and CPPTRAJ: Software for
  Processing and Analysis of Molecular Dynamics Trajectory Data". J. Chem.
  Theory Comput., 2013, 9 (7), pp 3084-3095.


CPPTRAJ: Trajectory Analysis. V6.24.0 (AmberTools)
    ___  ___  ___  ___
     | \/ | \/ | \/ | 
    _|_/\_|_/\_|_/\_|_

| Date/time: 02/14/25 12:20:09
| Available memory: 81.043 GB

INPUT: Reading input from 'rescale.cpp.002'
  [parm ../../common_files/4ake.prmtop]
	Reading '../../common_files/4ake.prmtop' as Amber Topology
	Radius Set: ArgH and AspGluO modified Bondi2 radii (mbondi3)
  [trajin meld.rst.002]
	Reading 'meld.rst.002' as Amber Restart
  [setvelocity scale factor 0.9920317455237933 ntc 2]
	RNG: Marsaglia
Random_Number: seed is <= 0, using wallclock time as seed ( 22030 )
    SETVELOCITY: Scaling velocities by X= 0.992032, Y= 0.992032, Z= 0.992032
	Constraints on bonds to H
	Time step= 0.002 ps, epsilon = 1e-07
  [trajout meld.rst.002 ncrestart]
	Writing 'meld.rst.002' as Amber NC Restart
---------- RUN BEGIN -------------------------------------------------

PARAMETER FILES (1 total):
 0: 4ake.prmtop, 3341 atoms, 214 res, box: None, 1 mol

INPUT TRAJECTORIES (1 total):
 0: 'meld.rst.002' is an AMBER restart file with velocity info, Parm 4ake.prmtop (reading 1 of 1)
  Coordinate processing will occur on 1 frames.

OUTPUT TRAJECTORIES (1 total):
  'meld.rst.002' (1 frames) is a NetCDF AMBER restart file

BEGIN TRAJECTORY PROCESSING:
.....................................................
ACTION SETUP FOR PARM '4ake.prmtop' (1 actions):
  0: [setvelocity scale factor 0.9920317455237933 ntc 2]
	Mask [*] corresponds to 3341 atoms.
	Constraints on 1685 bonds to hydrogen.
	# of degrees of freedom = 8338
.....................................................
ACTIVE OUTPUT TRAJECTORIES (1):
  meld.rst.002 (coordinates, velocities, time)
----- meld.rst.002 (1-1, 1) -----
Warning: Setting NetCDF variable compression requires compiling with HDF5 support.
Warning: Setting NetCDF variable compression requires compiling with HDF5 support.
Warning: Setting NetCDF frame chunk size requires compiling with HDF5 support.
Warning: Setting NetCDF variable compression requires compiling with HDF5 support.
Warning: Setting NetCDF frame chunk size requires compiling with HDF5 support.
100% Complete.

Read 1 frames and processed 1 frames.
TIME: Avg. throughput= 168.9475 frames / second.

ACTION OUTPUT:
TIME: Analyses took 0.0000 seconds.

RUN TIMING:
TIME:		Init               : 0.0000 s (  0.18%)
TIME:		Trajectory Process : 0.0059 s ( 99.55%)
TIME:		Action Post        : 0.0000 s (  0.02%)
TIME:		Analysis           : 0.0000 s (  0.00%)
TIME:		Data File Write    : 0.0000 s (  0.00%)
TIME:		Other              : 0.0000 s (  0.00%)
TIME:	Run Total 0.0059 s
---------- RUN END ---------------------------------------------------
TIME: Total execution time: 0.0215 seconds.
--------------------------------------------------------------------------------
To cite CPPTRAJ use:
Daniel R. Roe and Thomas E. Cheatham, III, "PTRAJ and CPPTRAJ: Software for
  Processing and Analysis of Molecular Dynamics Trajectory Data". J. Chem.
  Theory Comput., 2013, 9 (7), pp 3084-3095.


CPPTRAJ: Trajectory Analysis. V6.24.0 (AmberTools)
    ___  ___  ___  ___
     | \/ | \/ | \/ | 
    _|_/\_|_/\_|_/\_|_

| Date/time: 02/14/25 12:20:09
| Available memory: 81.042 GB

INPUT: Reading input from 'rescale.cpp.003'
  [parm ../../common_files/4ake.prmtop]
	Reading '../../common_files/4ake.prmtop' as Amber Topology
	Radius Set: ArgH and AspGluO modified Bondi2 radii (mbondi3)
  [trajin meld.rst.003]
	Reading 'meld.rst.003' as Amber Restart
  [setvelocity scale factor 1.0080322575483707 ntc 2]
	RNG: Marsaglia
Random_Number: seed is <= 0, using wallclock time as seed ( 22375 )
    SETVELOCITY: Scaling velocities by X= 1.00803, Y= 1.00803, Z= 1.00803
	Constraints on bonds to H
	Time step= 0.002 ps, epsilon = 1e-07
  [trajout meld.rst.003 ncrestart]
	Writing 'meld.rst.003' as Amber NC Restart
---------- RUN BEGIN -------------------------------------------------

PARAMETER FILES (1 total):
 0: 4ake.prmtop, 3341 atoms, 214 res, box: None, 1 mol

INPUT TRAJECTORIES (1 total):
 0: 'meld.rst.003' is an AMBER restart file with velocity info, Parm 4ake.prmtop (reading 1 of 1)
  Coordinate processing will occur on 1 frames.

OUTPUT TRAJECTORIES (1 total):
  'meld.rst.003' (1 frames) is a NetCDF AMBER restart file

BEGIN TRAJECTORY PROCESSING:
.....................................................
ACTION SETUP FOR PARM '4ake.prmtop' (1 actions):
  0: [setvelocity scale factor 1.0080322575483707 ntc 2]
	Mask [*] corresponds to 3341 atoms.
	Constraints on 1685 bonds to hydrogen.
	# of degrees of freedom = 8338
.....................................................
ACTIVE OUTPUT TRAJECTORIES (1):
  meld.rst.003 (coordinates, velocities, time)
----- meld.rst.003 (1-1, 1) -----
Warning: Setting NetCDF variable compression requires compiling with HDF5 support.
Warning: Setting NetCDF variable compression requires compiling with HDF5 support.
Warning: Setting NetCDF frame chunk size requires compiling with HDF5 support.
Warning: Setting NetCDF variable compression requires compiling with HDF5 support.
Warning: Setting NetCDF frame chunk size requires compiling with HDF5 support.
100% Complete.

Read 1 frames and processed 1 frames.
TIME: Avg. throughput= 193.3862 frames / second.

ACTION OUTPUT:
TIME: Analyses took 0.0000 seconds.

RUN TIMING:
TIME:		Init               : 0.0000 s (  0.21%)
TIME:		Trajectory Process : 0.0052 s ( 99.16%)
TIME:		Action Post        : 0.0000 s (  0.00%)
TIME:		Analysis           : 0.0000 s (  0.02%)
TIME:		Data File Write    : 0.0000 s (  0.02%)
TIME:		Other              : 0.0000 s (  0.01%)
TIME:	Run Total 0.0052 s
---------- RUN END ---------------------------------------------------
TIME: Total execution time: 0.0203 seconds.
--------------------------------------------------------------------------------
To cite CPPTRAJ use:
Daniel R. Roe and Thomas E. Cheatham, III, "PTRAJ and CPPTRAJ: Software for
  Processing and Analysis of Molecular Dynamics Trajectory Data". J. Chem.
  Theory Comput., 2013, 9 (7), pp 3084-3095.

0.7910561909056545 0.8692821145082293
0.548270933521302 1.299805162320023
